2026-01-23 12:06:49.692 [info] Reading sessions from keychain...
2026-01-23 12:06:49.692 [info] Getting sessions for all scopes...
2026-01-23 12:06:49.692 [info] Got 0 sessions for ...
2026-01-23 12:06:49.692 [info] Getting sessions for all scopes...
2026-01-23 12:06:49.692 [info] Got 0 sessions for ...
2026-01-23 12:06:49.692 [info] Getting sessions for all scopes...
2026-01-23 12:06:49.692 [info] Got 0 sessions for ...
2026-01-23 12:06:49.692 [info] Getting sessions for all scopes...
2026-01-23 12:06:49.692 [info] Got 0 sessions for ...
2026-01-23 12:06:49.692 [info] Getting sessions for all scopes...
2026-01-23 12:06:49.692 [info] Got 0 sessions for ...
2026-01-23 12:06:49.692 [info] Getting sessions for all scopes...
2026-01-23 12:06:49.692 [info] Got 0 sessions for ...
2026-01-23 12:06:49.692 [info] Getting sessions for all scopes...
2026-01-23 12:06:49.692 [info] Got 0 sessions for ...
2026-01-23 12:06:49.692 [info] Getting sessions for all scopes...
2026-01-23 12:06:49.692 [info] Got 0 sessions for ...
2026-01-23 12:06:49.692 [info] Getting sessions for all scopes...
2026-01-23 12:06:49.692 [info] Got 0 sessions for ...
2026-01-23 12:06:49.692 [info] Getting sessions for all scopes...
2026-01-23 12:06:49.692 [info] Got 0 sessions for ...
2026-01-23 12:06:49.692 [info] Getting sessions for all scopes...
2026-01-23 12:06:49.692 [info] Got 0 sessions for ...
2026-01-23 12:06:49.692 [info] Getting sessions for all scopes...
2026-01-23 12:06:49.692 [info] Got 0 sessions for ...
2026-01-23 12:06:49.692 [info] Getting sessions for all scopes...
2026-01-23 12:06:49.692 [info] Got 0 sessions for ...
2026-01-23 12:06:49.692 [info] Getting sessions for all scopes...
2026-01-23 12:06:49.692 [info] Got 0 sessions for ...
2026-01-23 12:06:49.793 [info] Getting sessions for all scopes...
2026-01-23 12:06:49.793 [info] Got 0 sessions for ...
2026-01-23 12:06:49.874 [info] Getting sessions for read:user,repo,user:email,workflow...
2026-01-23 12:06:49.874 [info] Got 0 sessions for read:user,repo,user:email,workflow...
2026-01-23 12:06:51.619 [info] Getting sessions for all scopes...
2026-01-23 12:06:51.619 [info] Got 0 sessions for ...
