2026-01-22 15:50:23.807 [info] Extension host with pid 11915 started
2026-01-22 15:50:23.807 [info] Skipping acquiring lock for /home/bloppai/.config/Code/User/workspaceStorage/d18060d9c08ec5ac46c96fe5256788fa.
2026-01-22 15:50:23.839 [info] ExtensionService#_doActivateExtension vscode.github-authentication, startup: false, activationEvent: 'onAuthenticationRequest:github'
2026-01-22 15:50:23.859 [info] ExtensionService#_doActivateExtension vscode.emmet, startup: false, activationEvent: 'onLanguage'
2026-01-22 15:50:23.905 [info] ExtensionService#_doActivateExtension vscode.git-base, startup: true, activationEvent: '*'
2026-01-22 15:50:23.912 [info] ExtensionService#_doActivateExtension vscode.github, startup: true, activationEvent: '*'
2026-01-22 15:50:23.970 [info] Eager extensions activated
2026-01-22 15:50:23.980 [info] ExtensionService#_doActivateExtension vscode.debug-auto-launch, startup: false, activationEvent: 'onStartupFinished'
2026-01-22 15:50:23.983 [info] ExtensionService#_doActivateExtension vscode.merge-conflict, startup: false, activationEvent: 'onStartupFinished'
2026-01-22 15:50:28.244 [info] ExtensionService#_doActivateExtension vscode.git, startup: false, activationEvent: 'api', root cause: vscode.github
2026-01-22 15:50:38.779 [info] ExtensionService#_doActivateExtension PranavJain.nand2tetris-hdl-visualizer, startup: false, activationEvent: 'onCommand:nand2tetris-hdl-visualizer.visualize'
2026-01-22 15:51:08.035 [info] Extension host terminating: renderer closed the MessagePort
2026-01-22 15:51:08.052 [error] An error occurred when deactivating the extension 'PranavJain.nand2tetris-hdl-visualizer':
2026-01-22 15:51:08.071 [error] TypeError: io.sockets.close is not a function
	at Object.deactivate (/home/bloppai/.vscode/extensions/pranavjain.nand2tetris-hdl-visualizer-0.0.5/extension.js:419:13)
	at kX.eb (file:///nix/store/59izcbxhahjcfgszhaz5hr2gskalkvgy-vscode-1.106.3/lib/vscode/resources/app/out/vs/workbench/api/node/extensionHostProcess.js:118:11850)
	at file:///nix/store/59izcbxhahjcfgszhaz5hr2gskalkvgy-vscode-1.106.3/lib/vscode/resources/app/out/vs/workbench/api/node/extensionHostProcess.js:118:10000
	at Array.map (<anonymous>)
	at kX.$ (file:///nix/store/59izcbxhahjcfgszhaz5hr2gskalkvgy-vscode-1.106.3/lib/vscode/resources/app/out/vs/workbench/api/node/extensionHostProcess.js:118:9988)
	at kX.terminate (file:///nix/store/59izcbxhahjcfgszhaz5hr2gskalkvgy-vscode-1.106.3/lib/vscode/resources/app/out/vs/workbench/api/node/extensionHostProcess.js:118:10231)
	at nN.terminate (file:///nix/store/59izcbxhahjcfgszhaz5hr2gskalkvgy-vscode-1.106.3/lib/vscode/resources/app/out/vs/workbench/api/node/extensionHostProcess.js:120:914)
	at Fs (file:///nix/store/59izcbxhahjcfgszhaz5hr2gskalkvgy-vscode-1.106.3/lib/vscode/resources/app/out/vs/workbench/api/node/extensionHostProcess.js:402:10411)
	at MessagePortMain.<anonymous> (file:///nix/store/59izcbxhahjcfgszhaz5hr2gskalkvgy-vscode-1.106.3/lib/vscode/resources/app/out/vs/workbench/api/node/extensionHostProcess.js:402:6949)
	at MessagePortMain.emit (node:events:519:28)
	at MessagePortMain._internalPort.emit (node:electron/js2c/utility_init:2:2949)
2026-01-22 15:51:08.072 [info] Extension host with pid 11915 exiting with code 0
