{"level":30,"time":"2026-01-03T19:58:38.105Z","msg":"app ready"}
{"level":30,"time":"2026-01-03T19:58:38.106Z","msg":"starting session-desktop version 1.16.10"}
{"level":30,"time":"2026-01-03T19:58:38.106Z","msg":"Libsession Commit Hash: libsession-util v1.4.0-nogit"}
{"level":30,"time":"2026-01-03T19:58:38.106Z","msg":"Libsession NodeJS Version/Hash: 0.5.5/90f64ef599ce4e663e515c0423fea8b7a7e99718"}
{"level":30,"time":"2026-01-03T19:58:38.107Z","msg":"Setup Complete with crowdinLocale: en"}
{"level":30,"time":"2026-01-03T19:58:38.107Z","msg":"appLocale is en-US"}
{"level":30,"time":"2026-01-03T19:58:38.107Z","msg":"crowdin locale is en"}
{"level":30,"time":"2026-01-03T19:58:38.107Z","msg":"key/initialize: Generating new encryption key, since we did not find it on disk"}
{"level":30,"time":"2026-01-03T19:58:38.108Z","msg":"config/set: Saving user config to disk"}
{"level":30,"time":"2026-01-03T19:58:38.108Z","msg":"config/set: Saved user config to disk"}
{"level":30,"time":"2026-01-03T19:58:38.108Z","msg":"showing main window"}
{"level":30,"time":"2026-01-03T19:58:38.119Z","msg":"migrateSchemaVersion: Migrating from schema_version 0 to user_version 0"}
{"level":30,"time":"2026-01-03T19:58:38.124Z","msg":"updateSchema:"}
{"level":30,"time":"2026-01-03T19:58:38.124Z","msg":" Current user_version: 0"}
{"level":30,"time":"2026-01-03T19:58:38.124Z","msg":" Most recent db schema: 11"}
{"level":30,"time":"2026-01-03T19:58:38.124Z","msg":" SQLite version: 3.46.1"}
{"level":30,"time":"2026-01-03T19:58:38.124Z","msg":" SQLCipher version: 4.6.1 community"}
{"level":30,"time":"2026-01-03T19:58:38.124Z","msg":" (deprecated) schema_version: 0"}
{"level":30,"time":"2026-01-03T19:58:38.124Z","msg":"updateToSchemaVersion1: starting..."}
{"level":30,"time":"2026-01-03T19:58:38.127Z","msg":"updateToSchemaVersion1: success!"}
{"level":30,"time":"2026-01-03T19:58:38.127Z","msg":"updateToSchemaVersion2: starting..."}
{"level":30,"time":"2026-01-03T19:58:38.130Z","msg":"updateToSchemaVersion2: success!"}
{"level":30,"time":"2026-01-03T19:58:38.130Z","msg":"updateToSchemaVersion3: starting..."}
{"level":30,"time":"2026-01-03T19:58:38.133Z","msg":"updateToSchemaVersion3: success!"}
{"level":30,"time":"2026-01-03T19:58:38.133Z","msg":"updateToSchemaVersion4: starting..."}
{"level":30,"time":"2026-01-03T19:58:38.136Z","msg":"updateToSchemaVersion4: success!"}
{"level":30,"time":"2026-01-03T19:58:38.136Z","msg":"updateToSchemaVersion6: starting..."}
{"level":30,"time":"2026-01-03T19:58:38.139Z","msg":"updateToSchemaVersion6: success!"}
{"level":30,"time":"2026-01-03T19:58:38.139Z","msg":"updateToSchemaVersion7: starting..."}
{"level":30,"time":"2026-01-03T19:58:38.144Z","msg":"updateToSchemaVersion7: success!"}
{"level":30,"time":"2026-01-03T19:58:38.144Z","msg":"updateToSchemaVersion8: starting..."}
{"level":30,"time":"2026-01-03T19:58:38.147Z","msg":"updateToSchemaVersion8: success!"}
{"level":30,"time":"2026-01-03T19:58:38.147Z","msg":"updateToSchemaVersion9: starting..."}
{"level":30,"time":"2026-01-03T19:58:38.149Z","msg":"updateToSchemaVersion9: success!"}
{"level":30,"time":"2026-01-03T19:58:38.149Z","msg":"updateToSchemaVersion10: starting..."}
{"level":30,"time":"2026-01-03T19:58:38.152Z","msg":"updateToSchemaVersion10: success!"}
{"level":30,"time":"2026-01-03T19:58:38.152Z","msg":"updateToSchemaVersion11: starting..."}
{"level":30,"time":"2026-01-03T19:58:38.155Z","msg":"updateToSchemaVersion11: success!"}
{"level":30,"time":"2026-01-03T19:58:38.157Z","msg":"updateSessionSchema: Current loki schema version: 0; Most recent schema version: 46;"}
{"level":30,"time":"2026-01-03T19:58:38.157Z","msg":"updateToSessionSchemaVersion1: starting..."}
{"level":30,"time":"2026-01-03T19:58:38.160Z","msg":"updateToSessionSchemaVersion1: success!"}
{"level":30,"time":"2026-01-03T19:58:38.160Z","msg":"updateToSessionSchemaVersion2: starting..."}
{"level":30,"time":"2026-01-03T19:58:38.163Z","msg":"updateToSessionSchemaVersion2: success!"}
{"level":30,"time":"2026-01-03T19:58:38.364Z","msg":"updateToSessionSchemaVersion3: starting..."}
{"level":30,"time":"2026-01-03T19:58:38.368Z","msg":"updateToSessionSchemaVersion3: success!"}
{"level":30,"time":"2026-01-03T19:58:38.569Z","msg":"updateToSessionSchemaVersion4: starting..."}
{"level":30,"time":"2026-01-03T19:58:38.574Z","msg":"updateToSessionSchemaVersion4: success!"}
{"level":30,"time":"2026-01-03T19:58:38.775Z","msg":"updateToSessionSchemaVersion5: starting..."}
{"level":30,"time":"2026-01-03T19:58:38.779Z","msg":"updateToSessionSchemaVersion5: success!"}
{"level":30,"time":"2026-01-03T19:58:38.779Z","msg":"updateToSessionSchemaVersion6: starting..."}
{"level":30,"time":"2026-01-03T19:58:38.782Z","msg":"updateToSessionSchemaVersion6: success!"}
{"level":30,"time":"2026-01-03T19:58:38.782Z","msg":"updateToSessionSchemaVersion7: starting..."}
{"level":30,"time":"2026-01-03T19:58:38.784Z","msg":"updateToSessionSchemaVersion7: success!"}
{"level":30,"time":"2026-01-03T19:58:38.784Z","msg":"updateToSessionSchemaVersion8: starting..."}
{"level":30,"time":"2026-01-03T19:58:38.786Z","msg":"updateToSessionSchemaVersion8: success!"}
{"level":30,"time":"2026-01-03T19:58:38.787Z","msg":"updateToSessionSchemaVersion9: starting..."}
{"level":30,"time":"2026-01-03T19:58:38.789Z","msg":"updateToSessionSchemaVersion9: success!"}
{"level":30,"time":"2026-01-03T19:58:38.789Z","msg":"updateToSessionSchemaVersion10: starting..."}
{"level":30,"time":"2026-01-03T19:58:38.791Z","msg":"updateToSessionSchemaVersion10: success!"}
{"level":30,"time":"2026-01-03T19:58:38.791Z","msg":"updateToSessionSchemaVersion11: starting..."}
{"level":30,"time":"2026-01-03T19:58:38.793Z","msg":"updateToSessionSchemaVersion11: success!"}
{"level":30,"time":"2026-01-03T19:58:38.794Z","msg":"updateToSessionSchemaVersion12: starting..."}
{"level":30,"time":"2026-01-03T19:58:38.797Z","msg":"updateToSessionSchemaVersion12: success!"}
{"level":30,"time":"2026-01-03T19:58:38.797Z","msg":"updateToSessionSchemaVersion13: starting..."}
{"level":30,"time":"2026-01-03T19:58:38.801Z","msg":"updateToSessionSchemaVersion13: success!"}
{"level":30,"time":"2026-01-03T19:58:38.801Z","msg":"updateToSessionSchemaVersion14: starting..."}
{"level":30,"time":"2026-01-03T19:58:38.804Z","msg":"updateToSessionSchemaVersion14: success!"}
{"level":30,"time":"2026-01-03T19:58:38.804Z","msg":"updateToSessionSchemaVersion15: starting..."}
{"level":30,"time":"2026-01-03T19:58:38.806Z","msg":"updateToSessionSchemaVersion15: success!"}
{"level":30,"time":"2026-01-03T19:58:38.807Z","msg":"updateToSessionSchemaVersion16: starting..."}
{"level":30,"time":"2026-01-03T19:58:38.811Z","msg":"updateToSessionSchemaVersion16: success!"}
{"level":30,"time":"2026-01-03T19:58:38.811Z","msg":"updateToSessionSchemaVersion17: starting..."}
{"level":30,"time":"2026-01-03T19:58:38.813Z","msg":"updateToSessionSchemaVersion17: success!"}
{"level":30,"time":"2026-01-03T19:58:38.813Z","msg":"updateToSessionSchemaVersion18: starting..."}
{"level":30,"time":"2026-01-03T19:58:38.817Z","msg":"updateToSessionSchemaVersion18: success!"}
{"level":30,"time":"2026-01-03T19:58:38.817Z","msg":"updateToSessionSchemaVersion19: starting..."}
{"level":30,"time":"2026-01-03T19:58:38.821Z","msg":"updateToSessionSchemaVersion19: success!"}
{"level":30,"time":"2026-01-03T19:58:38.822Z","msg":"updateToSessionSchemaVersion20: starting..."}
{"level":30,"time":"2026-01-03T19:58:38.822Z","msg":"updateToSessionSchemaVersion20: success!"}
{"level":30,"time":"2026-01-03T19:58:38.822Z","msg":"updateToSessionSchemaVersion21: starting..."}
{"level":30,"time":"2026-01-03T19:58:38.824Z","msg":"updateToSessionSchemaVersion21: success!"}
{"level":30,"time":"2026-01-03T19:58:38.824Z","msg":"updateToSessionSchemaVersion22: starting..."}
{"level":30,"time":"2026-01-03T19:58:38.829Z","msg":"updateToSessionSchemaVersion22: success!"}
{"level":30,"time":"2026-01-03T19:58:38.829Z","msg":"updateToSessionSchemaVersion23: starting..."}
{"level":30,"time":"2026-01-03T19:58:38.834Z","msg":"updateToSessionSchemaVersion23: success!"}
{"level":30,"time":"2026-01-03T19:58:38.834Z","msg":"updateToSessionSchemaVersion24: starting..."}
{"level":30,"time":"2026-01-03T19:58:38.844Z","msg":"updateToSessionSchemaVersion24: success!"}
{"level":30,"time":"2026-01-03T19:58:38.844Z","msg":"updateToSessionSchemaVersion25: starting..."}
{"level":30,"time":"2026-01-03T19:58:38.849Z","msg":"updateToSessionSchemaVersion25: success!"}
{"level":30,"time":"2026-01-03T19:58:38.849Z","msg":"updateToSessionSchemaVersion26: starting..."}
{"level":30,"time":"2026-01-03T19:58:38.853Z","msg":"updateToSessionSchemaVersion26: success!"}
{"level":30,"time":"2026-01-03T19:58:38.853Z","msg":"updateToSessionSchemaVersion27: starting..."}
{"level":30,"time":"2026-01-03T19:58:38.855Z","msg":"Count of messages to be migrated:  {\"COUNT(*)\":0}"}
{"level":30,"time":"2026-01-03T19:58:38.856Z","msg":"... done"}
{"level":30,"time":"2026-01-03T19:58:38.858Z","msg":"updateToSessionSchemaVersion27: success!"}
{"level":30,"time":"2026-01-03T19:58:38.858Z","msg":"updateToSessionSchemaVersion28: starting..."}
{"level":30,"time":"2026-01-03T19:58:38.860Z","msg":"updateToSessionSchemaVersion28: success!"}
{"level":30,"time":"2026-01-03T19:58:38.860Z","msg":"updateToSessionSchemaVersion29: starting..."}
{"level":30,"time":"2026-01-03T19:58:38.865Z","msg":"updateToSessionSchemaVersion29: success!"}
{"level":30,"time":"2026-01-03T19:58:38.865Z","msg":"updateToSessionSchemaVersion30: starting..."}
{"level":30,"time":"2026-01-03T19:58:38.874Z","msg":"updateToSessionSchemaVersion30: success!"}
{"level":30,"time":"2026-01-03T19:58:38.874Z","msg":"updateToSessionSchemaVersion31: starting..."}
{"level":50,"time":"2026-01-03T19:58:38.875Z","msg":"failed to create initial wrapper. Might just not have a logged in user yet?  privateEd25519 was empty. Considering no users are logged in Error: privateEd25519 was empty. Considering no users are logged in\n    at [REDACTED]/ts/node/migration/sessionMigrations.js:972:23\n    at sqliteTransaction ([REDACTED]/node_modules/@signalapp/better-sqlite3/lib/methods/transaction.js:65:24)\n    at updateToSessionSchemaVersion31 ([REDACTED]/ts/node/migration/sessionMigrations.js:1102:7)\n    at updateSessionSchema ([REDACTED]/ts/node/migration/sessionMigrations.js:1480:15)\n    at async updateSchema ([REDACTED]/ts/node/migration/signalMigrations.js:522:5)\n    at async Object.initializeSql ([REDACTED]/ts/node/sql.js:90:9)\n    at async showMainWindow ([REDACTED]/ts/mains/main_node.js:628:5)\n    at async App.<anonymous> ([REDACTED]/ts/mains/main_node.js:588:9) {}"}
{"level":30,"time":"2026-01-03T19:58:38.877Z","msg":"updateToSessionSchemaVersion32: starting..."}
{"level":30,"time":"2026-01-03T19:58:38.881Z","msg":"updateToSessionSchemaVersion32: success!"}
{"level":30,"time":"2026-01-03T19:58:38.881Z","msg":"updateToSessionSchemaVersion33: starting..."}
{"level":30,"time":"2026-01-03T19:58:38.885Z","msg":"updateToSessionSchemaVersion34: starting..."}
{"level":50,"time":"2026-01-03T19:58:38.886Z","msg":"Failed to migrate to disappearing messages v2. Might just not have a logged in user yet?  privateEd25519 was empty. Considering no users are logged in Error: privateEd25519 was empty. Considering no users are logged in\n    at [REDACTED]/ts/node/migration/sessionMigrations.js:1166:23\n    at sqliteTransaction ([REDACTED]/node_modules/@signalapp/better-sqlite3/lib/methods/transaction.js:65:24)\n    at updateToSessionSchemaVersion34 ([REDACTED]/ts/node/migration/sessionMigrations.js:1259:7)\n    at updateSessionSchema ([REDACTED]/ts/node/migration/sessionMigrations.js:1480:15)\n    at async updateSchema ([REDACTED]/ts/node/migration/signalMigrations.js:522:5)\n    at async Object.initializeSql ([REDACTED]/ts/node/sql.js:90:9)\n    at async showMainWindow ([REDACTED]/ts/mains/main_node.js:628:5)\n    at async App.<anonymous> ([REDACTED]/ts/mains/main_node.js:588:9) {}"}
{"level":30,"time":"2026-01-03T19:58:38.889Z","msg":"updateToSessionSchemaVersion34: success!"}
{"level":30,"time":"2026-01-03T19:58:38.889Z","msg":"updateToSessionSchemaVersion35: starting..."}
{"level":30,"time":"2026-01-03T19:58:38.892Z","msg":"updateToSessionSchemaVersion35: success!"}
{"level":30,"time":"2026-01-03T19:58:38.892Z","msg":"updateToSessionSchemaVersion36: starting..."}
{"level":30,"time":"2026-01-03T19:58:38.894Z","msg":"updateToSessionSchemaVersion36: success!"}
{"level":30,"time":"2026-01-03T19:58:38.895Z","msg":"updateToSessionSchemaVersion37: starting..."}
{"level":30,"time":"2026-01-03T19:58:38.897Z","msg":"updateToSessionSchemaVersion37: success!"}
{"level":30,"time":"2026-01-03T19:58:38.897Z","msg":"updateToSessionSchemaVersion38: starting..."}
{"level":30,"time":"2026-01-03T19:58:38.901Z","msg":"updateToSessionSchemaVersion38: success!"}
{"level":30,"time":"2026-01-03T19:58:38.902Z","msg":"updateToSessionSchemaVersion39: starting..."}
{"level":30,"time":"2026-01-03T19:58:38.905Z","msg":"updateToSessionSchemaVersion39: success!"}
{"level":30,"time":"2026-01-03T19:58:38.905Z","msg":"updateToSessionSchemaVersion40: starting..."}
{"level":30,"time":"2026-01-03T19:58:38.907Z","msg":"updateToSessionSchemaVersion40: success!"}
{"level":30,"time":"2026-01-03T19:58:38.908Z","msg":"updateToSessionSchemaVersion41: starting..."}
{"level":30,"time":"2026-01-03T19:58:38.910Z","msg":"updateToSessionSchemaVersion41: success!"}
{"level":30,"time":"2026-01-03T19:58:38.910Z","msg":"updateToSessionSchemaVersion42: starting..."}
{"level":30,"time":"2026-01-03T19:58:38.910Z","msg":"convoCount: 0"}
{"level":30,"time":"2026-01-03T19:58:38.910Z","msg":"showOnboardingAccountJustCreated before: undefined"}
{"level":30,"time":"2026-01-03T19:58:38.910Z","msg":"showOnboardingAccountJustCreated after  [object Undefined]"}
{"level":30,"time":"2026-01-03T19:58:38.913Z","msg":"updateToSessionSchemaVersion42: success!"}
{"level":30,"time":"2026-01-03T19:58:38.913Z","msg":"updateToSessionSchemaVersion43: starting..."}
{"level":30,"time":"2026-01-03T19:58:38.916Z","msg":"updateToSessionSchemaVersion43: success!"}
{"level":30,"time":"2026-01-03T19:58:38.917Z","msg":"updateToSessionSchemaVersion44: starting..."}
{"level":30,"time":"2026-01-03T19:58:38.920Z","msg":"updateToSessionSchemaVersion44: success!"}
{"level":30,"time":"2026-01-03T19:58:38.920Z","msg":"updateToSessionSchemaVersion45: starting..."}
{"level":30,"time":"2026-01-03T19:58:38.923Z","msg":"updateToSessionSchemaVersion45: success!"}
{"level":30,"time":"2026-01-03T19:58:38.923Z","msg":"updateToSessionSchemaVersion46: starting..."}
{"level":30,"time":"2026-01-03T19:58:38.926Z","msg":"updateToSessionSchemaVersion46: success!"}
{"level":30,"time":"2026-01-03T19:58:38.928Z","msg":"attachment_downloads count 0"}
{"level":30,"time":"2026-01-03T19:58:38.928Z","msg":"conversations count 0"}
{"level":30,"time":"2026-01-03T19:58:38.928Z","msg":"encryptionKeyPairsForClosedGroupV2 count 0"}
{"level":30,"time":"2026-01-03T19:58:38.928Z","msg":"guardNodes count 0"}
{"level":30,"time":"2026-01-03T19:58:38.928Z","msg":"identityKeys count 0"}
{"level":30,"time":"2026-01-03T19:58:38.928Z","msg":"items count 0"}
{"level":30,"time":"2026-01-03T19:58:38.928Z","msg":"lastHashes count 0"}
{"level":30,"time":"2026-01-03T19:58:38.928Z","msg":"loki_schema count 46"}
{"level":30,"time":"2026-01-03T19:58:38.928Z","msg":"messages count 0"}
{"level":30,"time":"2026-01-03T19:58:38.929Z","msg":"messages_fts count 0"}
{"level":30,"time":"2026-01-03T19:58:38.929Z","msg":"messages_fts_config count 1"}
{"level":30,"time":"2026-01-03T19:58:38.929Z","msg":"messages_fts_content count 0"}
{"level":30,"time":"2026-01-03T19:58:38.929Z","msg":"messages_fts_data count 2"}
{"level":30,"time":"2026-01-03T19:58:38.929Z","msg":"messages_fts_docsize count 0"}
{"level":30,"time":"2026-01-03T19:58:38.929Z","msg":"messages_fts_idx count 0"}
{"level":30,"time":"2026-01-03T19:58:38.929Z","msg":"nodesForPubkey count 0"}
{"level":30,"time":"2026-01-03T19:58:38.929Z","msg":"openGroupRoomsV2 count 0"}
{"level":30,"time":"2026-01-03T19:58:38.929Z","msg":"seenMessages count 0"}
{"level":30,"time":"2026-01-03T19:58:38.929Z","msg":"sqlite_sequence count 1"}
{"level":30,"time":"2026-01-03T19:58:38.929Z","msg":"sqlite_stat1 count 2"}
{"level":30,"time":"2026-01-03T19:58:38.929Z","msg":"sqlite_stat4 count 0"}
{"level":30,"time":"2026-01-03T19:58:38.929Z","msg":"unprocessed count 0"}
{"level":30,"time":"2026-01-03T19:58:38.936Z","msg":"Ensure attachments directory exists"}
{"level":30,"time":"2026-01-03T19:58:38.937Z","msg":"Location reset needed"}
{"level":30,"time":"2026-01-03T19:58:38.937Z","msg":"Initializing BrowserWindow config: {\"show\":true,\"minWidth\":880,\"minHeight\":600,\"backgroundColor\":\"#1B1B1B\",\"webPreferences\":{\"nodeIntegration\":true,\"enableRemoteModule\":true,\"nodeIntegrationInWorker\":true,\"contextIsolation\":false,\"preload\":\"[REDACTED]/preload.js\",\"nativeWindowOpen\":true,\"spellcheck\":true,\"backgroundThrottling\":false},\"icon\":\"[REDACTED]/images/session/session_icon.png\",\"maximized\":false,\"autoHideMenuBar\":false,\"width\":880,\"height\":820}"}
{"level":30,"time":"2026-01-03T19:58:38.962Z","msg":"spellcheck: userLocales: en-US,en,en-US"}
{"level":30,"time":"2026-01-03T19:58:38.962Z","msg":"spellcheck: user locale: en-US"}
{"level":30,"time":"2026-01-03T19:58:38.962Z","msg":"spellcheck: available spellchecker languages:  [\"af\",\"bg\",\"ca\",\"cs\",\"cy\",\"da\",\"de\",\"de-DE\",\"el\",\"en\",\"en-AU\",\"en-CA\",\"en-GB\",\"en-GB-oxendict\",\"en-US\",\"es\",\"es-419\",\"es-AR\",\"es-ES\",\"es-MX\",\"es-US\",\"et\",\"fa\",\"fo\",\"fr\",\"fr-FR\",\"he\",\"hi\",\"hr\",\"hu\",\"hy\",\"id\",\"it\",\"it-IT\",\"ko\",\"lt\",\"lv\",\"nb\",\"nl\",\"pl\",\"pt\",\"pt-BR\",\"pt-PT\",\"ro\",\"ru\",\"sh\",\"sk\",\"sl\",\"sq\",\"sr\",\"sv\",\"ta\",\"tg\",\"tr\",\"uk\",\"vi\"]"}
{"level":30,"time":"2026-01-03T19:58:38.962Z","msg":"spellcheck: setting languages to:  [\"en-US\",\"en\",\"en-US\"]"}
{"level":30,"time":"2026-01-03T19:58:39.586Z","msg":"Updating BrowserWindow config: {\"maximized\":true,\"autoHideMenuBar\":false,\"width\":1263,\"height\":689,\"x\":0,\"y\":0,\"fullscreen\":false}"}
{"level":30,"time":"2026-01-03T19:58:39.587Z","msg":"config/set: Saving ephemeral config to disk"}
{"level":30,"time":"2026-01-03T19:58:39.587Z","msg":"config/set: Saved ephemeral config to disk"}
{"level":30,"time":"2026-01-03T19:58:40.145Z","msg":"removeKnownAttachments: About to iterate through 0 messages"}
{"level":30,"time":"2026-01-03T19:58:40.145Z","msg":"removeKnownAttachments: Done processing 0 messages"}
{"level":30,"time":"2026-01-03T19:58:40.146Z","msg":"removeKnownAttachments: About to iterate through 0 conversations"}
{"level":30,"time":"2026-01-03T19:58:40.146Z","msg":"removeKnownAttachments: Done processing 0 conversations"}
{"level":30,"time":"2026-01-03T19:58:40.146Z","msg":"deleteAll: deleted 0 files"}
{"level":30,"time":"2026-01-03T19:58:45.344Z","msg":"Updating BrowserWindow config: {\"maximized\":true,\"autoHideMenuBar\":false,\"width\":1263,\"height\":1391,\"x\":0,\"y\":0,\"fullscreen\":false}"}
{"level":30,"time":"2026-01-03T19:58:45.345Z","msg":"config/set: Saving ephemeral config to disk"}
{"level":30,"time":"2026-01-03T19:58:45.345Z","msg":"config/set: Saved ephemeral config to disk"}
{"level":30,"time":"2026-01-03T19:58:57.304Z","msg":"config/set: Saving user config to disk"}
{"level":30,"time":"2026-01-03T19:58:57.305Z","msg":"config/set: Saved user config to disk"}
{"level":30,"time":"2026-01-03T19:58:57.415Z","msg":"removeKnownAttachments: About to iterate through 0 messages"}
{"level":30,"time":"2026-01-03T19:58:57.416Z","msg":"removeKnownAttachments: Done processing 0 messages"}
{"level":30,"time":"2026-01-03T19:58:57.416Z","msg":"removeKnownAttachments: About to iterate through 1 conversations"}
{"level":30,"time":"2026-01-03T19:58:57.416Z","msg":"removeKnownAttachments: Done processing 1 conversations"}
{"level":30,"time":"2026-01-03T19:58:57.416Z","msg":"deleteAll: deleted 0 files"}
{"level":30,"time":"2026-01-03T19:59:27.247Z","msg":"close event {\"readyForShutdown\":false,\"shouldQuit\":false}"}
{"level":30,"time":"2026-01-03T19:59:27.248Z","msg":"requestShutdown: Requesting close of mainWindow..."}
{"level":30,"time":"2026-01-03T19:59:27.259Z","msg":"requestShutdown: Response received"}
{"level":30,"time":"2026-01-03T19:59:27.259Z","msg":"before-quit event {\"readyForShutdown\":true,\"shouldQuit\":false}"}
{"level":30,"time":"2026-01-03T19:59:27.260Z","msg":"close event {\"readyForShutdown\":true,\"shouldQuit\":true}"}
