2026-01-22 15:52:45.825 [info] [main] Log level: Info
2026-01-22 15:52:45.825 [info] [main] Validating found git in: "git"
2026-01-22 15:52:45.825 [info] [main] Using git "2.51.2" from "git"
2026-01-22 15:52:45.825 [info] [Model][doInitialScan] Initial repository scan started
2026-01-22 15:52:45.825 [info] > git rev-parse --show-toplevel [7ms]
2026-01-22 15:52:45.825 [info] fatal: not a git repository (or any of the parent directories): .git
2026-01-22 15:52:45.825 [info] [Model][doInitialScan] Initial repository scan completed - repositories (0), closed repositories (0), parent repositories (0), unsafe repositories (0)
2026-01-22 15:52:48.123 [info] > git rev-parse --show-toplevel [2ms]
2026-01-22 15:52:48.123 [info] fatal: not a git repository (or any of the parent directories): .git
2026-01-22 15:52:48.299 [info] > git rev-parse --show-toplevel [2ms]
2026-01-22 15:52:48.299 [info] fatal: not a git repository (or any of the parent directories): .git
2026-01-22 15:52:49.123 [info] > git rev-parse --show-toplevel [3ms]
2026-01-22 15:52:49.123 [info] fatal: not a git repository (or any of the parent directories): .git
2026-01-22 15:52:54.509 [info] > git rev-parse --show-toplevel [2ms]
2026-01-22 15:52:54.510 [info] fatal: not a git repository (or any of the parent directories): .git
2026-01-22 15:52:56.831 [info] > git rev-parse --show-toplevel [2ms]
2026-01-22 15:52:56.831 [info] fatal: not a git repository (or any of the parent directories): .git
2026-01-22 15:53:47.930 [info] > git rev-parse --show-toplevel [2ms]
2026-01-22 15:53:47.930 [info] fatal: not a git repository (or any of the parent directories): .git
2026-01-22 15:53:49.014 [info] > git rev-parse --show-toplevel [2ms]
2026-01-22 15:53:49.014 [info] fatal: not a git repository (or any of the parent directories): .git
2026-01-22 15:55:10.869 [info] > git rev-parse --show-toplevel [4ms]
2026-01-22 15:55:10.869 [info] fatal: not a git repository (or any of the parent directories): .git
2026-01-22 15:56:02.195 [info] > git rev-parse --show-toplevel [2ms]
2026-01-22 15:56:02.196 [info] fatal: not a git repository (or any of the parent directories): .git
2026-01-22 15:56:08.165 [info] > git rev-parse --show-toplevel [3ms]
2026-01-22 15:56:08.165 [info] fatal: not a git repository (or any of the parent directories): .git
2026-01-22 15:56:13.658 [info] > git rev-parse --show-toplevel [2ms]
2026-01-22 15:56:13.658 [info] fatal: not a git repository (or any of the parent directories): .git
2026-01-22 15:56:35.926 [info] > git rev-parse --show-toplevel [3ms]
2026-01-22 15:56:35.926 [info] fatal: not a git repository (or any of the parent directories): .git
2026-01-22 15:56:37.502 [info] > git rev-parse --show-toplevel [3ms]
2026-01-22 15:56:37.502 [info] fatal: not a git repository (or any of the parent directories): .git
2026-01-22 15:56:43.143 [info] > git rev-parse --show-toplevel [3ms]
2026-01-22 15:56:43.143 [info] fatal: not a git repository (or any of the parent directories): .git
2026-01-22 15:56:44.757 [info] > git rev-parse --show-toplevel [2ms]
2026-01-22 15:56:44.757 [info] fatal: not a git repository (or any of the parent directories): .git
2026-01-22 15:58:05.331 [info] > git rev-parse --show-toplevel [3ms]
2026-01-22 15:58:05.331 [info] fatal: not a git repository (or any of the parent directories): .git
2026-01-22 15:58:16.582 [info] > git rev-parse --show-toplevel [2ms]
2026-01-22 15:58:16.582 [info] fatal: not a git repository (or any of the parent directories): .git
2026-01-22 15:58:18.417 [info] > git rev-parse --show-toplevel [2ms]
2026-01-22 15:58:18.417 [info] fatal: not a git repository (or any of the parent directories): .git
2026-01-22 15:58:20.895 [info] > git rev-parse --show-toplevel [2ms]
2026-01-22 15:58:20.895 [info] fatal: not a git repository (or any of the parent directories): .git
2026-01-22 15:58:23.656 [info] > git rev-parse --show-toplevel [2ms]
2026-01-22 15:58:23.656 [info] fatal: not a git repository (or any of the parent directories): .git
2026-01-22 15:58:36.105 [info] > git rev-parse --show-toplevel [3ms]
2026-01-22 15:58:36.105 [info] fatal: not a git repository (or any of the parent directories): .git
2026-01-22 16:00:35.835 [info] > git rev-parse --show-toplevel [3ms]
2026-01-22 16:00:35.835 [info] fatal: not a git repository (or any of the parent directories): .git
2026-01-22 16:00:37.368 [info] > git rev-parse --show-toplevel [2ms]
2026-01-22 16:00:37.368 [info] fatal: not a git repository (or any of the parent directories): .git
2026-01-22 16:00:39.731 [info] > git rev-parse --show-toplevel [3ms]
2026-01-22 16:00:39.731 [info] fatal: not a git repository (or any of the parent directories): .git
2026-01-22 16:00:44.244 [info] > git rev-parse --show-toplevel [3ms]
2026-01-22 16:00:44.244 [info] fatal: not a git repository (or any of the parent directories): .git
2026-01-22 16:00:45.344 [info] > git rev-parse --show-toplevel [2ms]
2026-01-22 16:00:45.345 [info] fatal: not a git repository (or any of the parent directories): .git
2026-01-22 16:00:47.553 [info] > git rev-parse --show-toplevel [2ms]
2026-01-22 16:00:47.553 [info] fatal: not a git repository (or any of the parent directories): .git
2026-01-22 16:00:48.158 [info] > git rev-parse --show-toplevel [1ms]
2026-01-22 16:00:48.158 [info] fatal: not a git repository (or any of the parent directories): .git
2026-01-22 16:00:49.981 [info] > git rev-parse --show-toplevel [2ms]
2026-01-22 16:00:49.981 [info] fatal: not a git repository (or any of the parent directories): .git
2026-01-22 16:00:50.640 [info] > git rev-parse --show-toplevel [2ms]
2026-01-22 16:00:50.640 [info] fatal: not a git repository (or any of the parent directories): .git
2026-01-22 16:00:58.355 [info] > git rev-parse --show-toplevel [1ms]
2026-01-22 16:00:58.355 [info] fatal: not a git repository (or any of the parent directories): .git
2026-01-22 16:01:01.654 [info] > git rev-parse --show-toplevel [2ms]
2026-01-22 16:01:01.654 [info] fatal: not a git repository (or any of the parent directories): .git
2026-01-22 16:01:28.211 [info] > git rev-parse --show-toplevel [2ms]
2026-01-22 16:01:28.211 [info] fatal: not a git repository (or any of the parent directories): .git
2026-01-22 16:01:33.666 [info] > git rev-parse --show-toplevel [2ms]
2026-01-22 16:01:33.666 [info] fatal: not a git repository (or any of the parent directories): .git
2026-01-22 16:01:35.799 [info] > git rev-parse --show-toplevel [2ms]
2026-01-22 16:01:35.799 [info] fatal: not a git repository (or any of the parent directories): .git
2026-01-22 16:01:37.055 [info] > git rev-parse --show-toplevel [3ms]
2026-01-22 16:01:37.055 [info] fatal: not a git repository (or any of the parent directories): .git
2026-01-22 16:01:38.466 [info] > git rev-parse --show-toplevel [2ms]
2026-01-22 16:01:38.466 [info] fatal: not a git repository (or any of the parent directories): .git
2026-01-22 16:01:39.557 [info] > git rev-parse --show-toplevel [2ms]
2026-01-22 16:01:39.557 [info] fatal: not a git repository (or any of the parent directories): .git
2026-01-22 16:01:39.941 [info] > git rev-parse --show-toplevel [2ms]
2026-01-22 16:01:39.941 [info] fatal: not a git repository (or any of the parent directories): .git
2026-01-22 16:01:48.110 [info] > git rev-parse --show-toplevel [2ms]
2026-01-22 16:01:48.111 [info] fatal: not a git repository (or any of the parent directories): .git
2026-01-22 16:01:50.107 [info] > git rev-parse --show-toplevel [3ms]
2026-01-22 16:01:50.107 [info] fatal: not a git repository (or any of the parent directories): .git
2026-01-22 16:02:47.990 [info] > git rev-parse --show-toplevel [3ms]
2026-01-22 16:02:47.990 [info] fatal: not a git repository (or any of the parent directories): .git
2026-01-22 16:04:44.528 [info] > git rev-parse --show-toplevel [2ms]
2026-01-22 16:04:44.528 [info] fatal: not a git repository (or any of the parent directories): .git
2026-01-22 16:04:53.039 [info] > git rev-parse --show-toplevel [3ms]
2026-01-22 16:04:53.039 [info] fatal: not a git repository (or any of the parent directories): .git
2026-01-22 16:04:54.207 [info] > git rev-parse --show-toplevel [2ms]
2026-01-22 16:04:54.208 [info] fatal: not a git repository (or any of the parent directories): .git
2026-01-22 16:04:58.334 [info] > git rev-parse --show-toplevel [3ms]
2026-01-22 16:04:58.334 [info] fatal: not a git repository (or any of the parent directories): .git
2026-01-22 16:04:59.537 [info] > git rev-parse --show-toplevel [2ms]
2026-01-22 16:04:59.537 [info] fatal: not a git repository (or any of the parent directories): .git
2026-01-22 16:05:01.363 [info] > git rev-parse --show-toplevel [3ms]
2026-01-22 16:05:01.363 [info] fatal: not a git repository (or any of the parent directories): .git
2026-01-22 16:05:06.796 [info] > git rev-parse --show-toplevel [2ms]
2026-01-22 16:05:06.796 [info] fatal: not a git repository (or any of the parent directories): .git
2026-01-22 16:05:16.956 [info] > git rev-parse --show-toplevel [3ms]
2026-01-22 16:05:16.956 [info] fatal: not a git repository (or any of the parent directories): .git
2026-01-22 16:05:17.852 [info] > git rev-parse --show-toplevel [2ms]
2026-01-22 16:05:17.852 [info] fatal: not a git repository (or any of the parent directories): .git
2026-01-22 16:05:19.552 [info] > git rev-parse --show-toplevel [3ms]
2026-01-22 16:05:19.552 [info] fatal: not a git repository (or any of the parent directories): .git
2026-01-22 16:05:22.032 [info] > git rev-parse --show-toplevel [2ms]
2026-01-22 16:05:22.032 [info] fatal: not a git repository (or any of the parent directories): .git
2026-01-22 16:05:24.713 [info] > git rev-parse --show-toplevel [2ms]
2026-01-22 16:05:24.713 [info] fatal: not a git repository (or any of the parent directories): .git
2026-01-22 16:05:26.286 [info] > git rev-parse --show-toplevel [3ms]
2026-01-22 16:05:26.286 [info] fatal: not a git repository (or any of the parent directories): .git
2026-01-22 16:05:27.494 [info] > git rev-parse --show-toplevel [2ms]
2026-01-22 16:05:27.494 [info] fatal: not a git repository (or any of the parent directories): .git
2026-01-22 16:05:29.562 [info] > git rev-parse --show-toplevel [2ms]
2026-01-22 16:05:29.562 [info] fatal: not a git repository (or any of the parent directories): .git
2026-01-22 16:05:30.961 [info] > git rev-parse --show-toplevel [2ms]
2026-01-22 16:05:30.961 [info] fatal: not a git repository (or any of the parent directories): .git
2026-01-22 16:06:50.080 [info] > git rev-parse --show-toplevel [3ms]
2026-01-22 16:06:50.080 [info] fatal: not a git repository (or any of the parent directories): .git
2026-01-22 16:07:32.295 [info] > git rev-parse --show-toplevel [2ms]
2026-01-22 16:07:32.295 [info] fatal: not a git repository (or any of the parent directories): .git
2026-01-22 16:07:33.271 [info] > git rev-parse --show-toplevel [3ms]
2026-01-22 16:07:33.271 [info] fatal: not a git repository (or any of the parent directories): .git
2026-01-22 16:07:41.151 [info] > git rev-parse --show-toplevel [2ms]
2026-01-22 16:07:41.151 [info] fatal: not a git repository (or any of the parent directories): .git
2026-01-22 16:07:53.807 [info] > git rev-parse --show-toplevel [2ms]
2026-01-22 16:07:53.807 [info] fatal: not a git repository (or any of the parent directories): .git
2026-01-22 16:07:54.954 [info] > git rev-parse --show-toplevel [2ms]
2026-01-22 16:07:54.954 [info] fatal: not a git repository (or any of the parent directories): .git
2026-01-22 16:07:59.624 [info] > git rev-parse --show-toplevel [3ms]
2026-01-22 16:07:59.624 [info] fatal: not a git repository (or any of the parent directories): .git
2026-01-22 16:08:00.671 [info] > git rev-parse --show-toplevel [2ms]
2026-01-22 16:08:00.671 [info] fatal: not a git repository (or any of the parent directories): .git
2026-01-22 16:08:03.354 [info] > git rev-parse --show-toplevel [2ms]
2026-01-22 16:08:03.354 [info] fatal: not a git repository (or any of the parent directories): .git
2026-01-22 16:08:05.069 [info] > git rev-parse --show-toplevel [3ms]
2026-01-22 16:08:05.069 [info] fatal: not a git repository (or any of the parent directories): .git
2026-01-22 16:08:07.240 [info] > git rev-parse --show-toplevel [2ms]
2026-01-22 16:08:07.241 [info] fatal: not a git repository (or any of the parent directories): .git
2026-01-22 16:08:08.185 [info] > git rev-parse --show-toplevel [2ms]
2026-01-22 16:08:08.185 [info] fatal: not a git repository (or any of the parent directories): .git
2026-01-22 16:08:14.893 [info] > git rev-parse --show-toplevel [2ms]
2026-01-22 16:08:14.893 [info] fatal: not a git repository (or any of the parent directories): .git
2026-01-22 16:09:36.530 [info] > git rev-parse --show-toplevel [3ms]
2026-01-22 16:09:36.530 [info] fatal: not a git repository (or any of the parent directories): .git
2026-01-22 16:10:09.857 [info] > git rev-parse --show-toplevel [2ms]
2026-01-22 16:10:09.857 [info] fatal: not a git repository (or any of the parent directories): .git
2026-01-22 16:10:10.264 [info] > git rev-parse --show-toplevel [3ms]
2026-01-22 16:10:10.264 [info] fatal: not a git repository (or any of the parent directories): .git
2026-01-22 16:10:10.607 [info] > git rev-parse --show-toplevel [2ms]
2026-01-22 16:10:10.607 [info] fatal: not a git repository (or any of the parent directories): .git
2026-01-22 16:10:10.951 [info] > git rev-parse --show-toplevel [3ms]
2026-01-22 16:10:10.951 [info] fatal: not a git repository (or any of the parent directories): .git
2026-01-22 16:10:11.254 [info] > git rev-parse --show-toplevel [2ms]
2026-01-22 16:10:11.254 [info] fatal: not a git repository (or any of the parent directories): .git
2026-01-22 16:10:14.801 [info] > git rev-parse --show-toplevel [2ms]
2026-01-22 16:10:14.801 [info] fatal: not a git repository (or any of the parent directories): .git
2026-01-22 16:10:17.919 [info] > git rev-parse --show-toplevel [2ms]
2026-01-22 16:10:17.919 [info] fatal: not a git repository (or any of the parent directories): .git
2026-01-22 16:10:18.852 [info] > git rev-parse --show-toplevel [2ms]
2026-01-22 16:10:18.853 [info] fatal: not a git repository (or any of the parent directories): .git
2026-01-22 16:10:20.781 [info] > git rev-parse --show-toplevel [3ms]
2026-01-22 16:10:20.781 [info] fatal: not a git repository (or any of the parent directories): .git
2026-01-22 16:10:23.066 [info] > git rev-parse --show-toplevel [2ms]
2026-01-22 16:10:23.067 [info] fatal: not a git repository (or any of the parent directories): .git
2026-01-22 16:10:31.534 [info] > git rev-parse --show-toplevel [2ms]
2026-01-22 16:10:31.534 [info] fatal: not a git repository (or any of the parent directories): .git
2026-01-22 16:10:32.174 [info] > git rev-parse --show-toplevel [2ms]
2026-01-22 16:10:32.174 [info] fatal: not a git repository (or any of the parent directories): .git
2026-01-22 16:10:33.016 [info] > git rev-parse --show-toplevel [3ms]
2026-01-22 16:10:33.016 [info] fatal: not a git repository (or any of the parent directories): .git
2026-01-22 16:10:36.714 [info] > git rev-parse --show-toplevel [2ms]
2026-01-22 16:10:36.714 [info] fatal: not a git repository (or any of the parent directories): .git
2026-01-22 16:10:38.464 [info] > git rev-parse --show-toplevel [2ms]
2026-01-22 16:10:38.464 [info] fatal: not a git repository (or any of the parent directories): .git
2026-01-22 16:10:40.702 [info] > git rev-parse --show-toplevel [2ms]
2026-01-22 16:10:40.703 [info] fatal: not a git repository (or any of the parent directories): .git
2026-01-22 16:10:41.310 [info] > git rev-parse --show-toplevel [2ms]
2026-01-22 16:10:41.310 [info] fatal: not a git repository (or any of the parent directories): .git
2026-01-22 16:10:42.565 [info] > git rev-parse --show-toplevel [2ms]
2026-01-22 16:10:42.565 [info] fatal: not a git repository (or any of the parent directories): .git
2026-01-22 16:11:11.371 [info] > git rev-parse --show-toplevel [2ms]
2026-01-22 16:11:11.372 [info] fatal: not a git repository (or any of the parent directories): .git
2026-01-22 16:11:41.809 [info] > git rev-parse --show-toplevel [2ms]
2026-01-22 16:11:41.810 [info] fatal: not a git repository (or any of the parent directories): .git
2026-01-22 16:11:43.226 [info] > git rev-parse --show-toplevel [2ms]
2026-01-22 16:11:43.227 [info] fatal: not a git repository (or any of the parent directories): .git
2026-01-22 16:11:45.995 [info] > git rev-parse --show-toplevel [2ms]
2026-01-22 16:11:45.995 [info] fatal: not a git repository (or any of the parent directories): .git
2026-01-22 16:11:46.831 [info] > git rev-parse --show-toplevel [2ms]
2026-01-22 16:11:46.831 [info] fatal: not a git repository (or any of the parent directories): .git
2026-01-22 16:11:52.022 [info] > git rev-parse --show-toplevel [3ms]
2026-01-22 16:11:52.022 [info] fatal: not a git repository (or any of the parent directories): .git
2026-01-22 16:11:53.542 [info] > git rev-parse --show-toplevel [1ms]
2026-01-22 16:11:53.543 [info] fatal: not a git repository (or any of the parent directories): .git
2026-01-22 16:11:56.107 [info] > git rev-parse --show-toplevel [2ms]
2026-01-22 16:11:56.107 [info] fatal: not a git repository (or any of the parent directories): .git
2026-01-22 16:11:57.013 [info] > git rev-parse --show-toplevel [2ms]
2026-01-22 16:11:57.014 [info] fatal: not a git repository (or any of the parent directories): .git
2026-01-22 16:11:58.469 [info] > git rev-parse --show-toplevel [2ms]
2026-01-22 16:11:58.469 [info] fatal: not a git repository (or any of the parent directories): .git
2026-01-22 16:11:59.440 [info] > git rev-parse --show-toplevel [2ms]
2026-01-22 16:11:59.440 [info] fatal: not a git repository (or any of the parent directories): .git
2026-01-22 16:12:01.274 [info] > git rev-parse --show-toplevel [3ms]
2026-01-22 16:12:01.274 [info] fatal: not a git repository (or any of the parent directories): .git
2026-01-22 16:12:45.991 [info] > git rev-parse --show-toplevel [2ms]
2026-01-22 16:12:45.991 [info] fatal: not a git repository (or any of the parent directories): .git
2026-01-22 16:12:46.941 [info] > git rev-parse --show-toplevel [3ms]
2026-01-22 16:12:46.941 [info] fatal: not a git repository (or any of the parent directories): .git
