2026-01-22 15:51:11.981 [info] [main] Log level: Info
2026-01-22 15:51:11.981 [info] [main] Validating found git in: "git"
2026-01-22 15:51:11.981 [info] [main] Using git "2.51.2" from "git"
2026-01-22 15:51:11.981 [info] [Model][doInitialScan] Initial repository scan started
2026-01-22 15:51:11.981 [info] > git rev-parse --show-toplevel [10ms]
2026-01-22 15:51:11.981 [info] fatal: not a git repository (or any of the parent directories): .git
2026-01-22 15:51:11.981 [info] [Model][doInitialScan] Initial repository scan completed - repositories (0), closed repositories (0), parent repositories (0), unsafe repositories (0)
2026-01-22 15:51:12.045 [info] > git rev-parse --show-toplevel [1ms]
2026-01-22 15:51:12.045 [info] fatal: not a git repository (or any of the parent directories): .git
2026-01-22 15:51:12.142 [info] > git rev-parse --show-toplevel [1ms]
2026-01-22 15:51:12.142 [info] fatal: not a git repository (or any of the parent directories): .git
2026-01-22 15:51:13.532 [info] > git rev-parse --show-toplevel [3ms]
2026-01-22 15:51:13.533 [info] fatal: not a git repository (or any of the parent directories): .git
2026-01-22 15:51:13.712 [info] > git rev-parse --show-toplevel [2ms]
2026-01-22 15:51:13.712 [info] fatal: not a git repository (or any of the parent directories): .git
2026-01-22 15:51:13.984 [info] > git rev-parse --show-toplevel [19ms]
2026-01-22 15:51:13.984 [info] fatal: not a git repository (or any of the parent directories): .git
2026-01-22 15:51:14.388 [info] > git rev-parse --show-toplevel [3ms]
2026-01-22 15:51:14.388 [info] fatal: not a git repository (or any of the parent directories): .git
2026-01-22 15:51:14.641 [info] > git rev-parse --show-toplevel [1ms]
2026-01-22 15:51:14.641 [info] fatal: not a git repository (or any of the parent directories): .git
