2026-01-23 12:06:49.795 [info] [main] Log level: Info
2026-01-23 12:06:49.795 [info] [main] Validating found git in: "git"
2026-01-23 12:06:49.795 [info] [main] Using git "2.51.2" from "git"
2026-01-23 12:06:49.795 [info] [Model][doInitialScan] Initial repository scan started
2026-01-23 12:06:49.795 [info] > git rev-parse --show-toplevel [3ms]
2026-01-23 12:06:49.795 [info] > git rev-parse --git-dir --git-common-dir --show-superproject-working-tree [2ms]
2026-01-23 12:06:49.795 [info] [Model][openRepository] Opened repository (path): /home/bloppai/programming/tamu/CSCE221/leyk-csce221-exercise-iterators
2026-01-23 12:06:49.795 [info] [Model][openRepository] Opened repository (real path): /home/bloppai/programming/tamu/CSCE221/leyk-csce221-exercise-iterators
2026-01-23 12:06:49.795 [info] [Model][openRepository] Opened repository (kind): repository
2026-01-23 12:06:49.795 [info] > git config --get commit.template [6ms]
2026-01-23 12:06:49.795 [info] > git rev-parse --show-toplevel [2ms]
2026-01-23 12:06:49.795 [info] > git for-each-ref --format=%(refname)%00%(upstream:short)%00%(objectname)%00%(upstream:track)%00%(upstream:remotename)%00%(upstream:remoteref) refs/heads/main refs/remotes/main [5ms]
2026-01-23 12:06:49.795 [warning] [Git][revParse] Unable to read file: ENOENT: no such file or directory, open '/home/bloppai/programming/tamu/CSCE221/leyk-csce221-exercise-iterators/.git/refs/remotes/origin/main'
2026-01-23 12:06:49.795 [info] > git rev-parse --show-toplevel [5ms]
2026-01-23 12:06:49.795 [info] [Model][doInitialScan] Initial repository scan completed - repositories (1), closed repositories (0), parent repositories (0), unsafe repositories (0)
2026-01-23 12:06:49.795 [info] > git rev-parse refs/remotes/origin/main [4ms]
2026-01-23 12:06:49.795 [info] > git status -z -uall [24ms]
2026-01-23 12:06:49.795 [info] > git for-each-ref --sort -committerdate --format %(refname)%00%(objectname)%00%(*objectname) [19ms]
2026-01-23 12:06:49.800 [info] > git for-each-ref --format=%(refname)%00%(upstream:short)%00%(objectname)%00%(upstream:track)%00%(upstream:remotename)%00%(upstream:remoteref) refs/heads/main refs/remotes/main [11ms]
2026-01-23 12:06:49.820 [info] > git config --get --local branch.main.vscode-merge-base [16ms]
2026-01-23 12:06:49.820 [warning] [Git][config] git config failed: Failed to execute git
2026-01-23 12:06:49.825 [info] > git config --get commit.template [26ms]
2026-01-23 12:06:49.837 [info] > git reflog main --grep-reflog=branch: Created from *. [13ms]
2026-01-23 12:06:49.845 [info] > git symbolic-ref --short refs/remotes/origin/HEAD [4ms]
2026-01-23 12:06:49.848 [info] > git for-each-ref --format=%(refname)%00%(upstream:short)%00%(objectname)%00%(upstream:track)%00%(upstream:remotename)%00%(upstream:remoteref) refs/heads/main refs/remotes/main [4ms]
2026-01-23 12:06:49.852 [warning] [Git][revParse] Unable to read file: ENOENT: no such file or directory, open '/home/bloppai/programming/tamu/CSCE221/leyk-csce221-exercise-iterators/.git/refs/remotes/origin/main'
2026-01-23 12:06:49.852 [info] > git for-each-ref --format=%(refname)%00%(upstream:short)%00%(objectname)%00%(upstream:track)%00%(upstream:remotename)%00%(upstream:remoteref) refs/heads/origin/main refs/remotes/origin/main [5ms]
2026-01-23 12:06:49.857 [info] > git rev-parse refs/remotes/origin/main [5ms]
2026-01-23 12:06:49.864 [info] > git status -z -uall [4ms]
2026-01-23 12:06:49.864 [info] > git config --add --local branch.main.vscode-merge-base origin/main [8ms]
2026-01-23 12:06:49.865 [info] > git for-each-ref --sort -committerdate --format %(refname)%00%(objectname)%00%(*objectname) [1ms] (cancelled)
2026-01-23 12:06:49.870 [info] > git config --get commit.template [1ms]
2026-01-23 12:06:49.875 [info] > git for-each-ref --format=%(refname)%00%(upstream:short)%00%(objectname)%00%(upstream:track)%00%(upstream:remotename)%00%(upstream:remoteref) refs/heads/main refs/remotes/main [1ms]
2026-01-23 12:06:49.879 [warning] [Git][revParse] Unable to read file: ENOENT: no such file or directory, open '/home/bloppai/programming/tamu/CSCE221/leyk-csce221-exercise-iterators/.git/refs/remotes/origin/main'
2026-01-23 12:06:49.880 [info] > git rev-parse refs/remotes/origin/main [2ms]
2026-01-23 12:06:49.886 [info] > git status -z -uall [3ms]
2026-01-23 12:06:49.887 [info] > git for-each-ref --sort -committerdate --format %(refname)%00%(objectname)%00%(*objectname) [1ms]
2026-01-23 12:06:49.896 [info] > git merge-base refs/heads/main refs/remotes/origin/main [4ms]
2026-01-23 12:06:49.903 [info] > git merge-base refs/heads/main refs/remotes/origin/main [7ms]
2026-01-23 12:06:49.907 [info] > git diff --name-status -z --diff-filter=ADMR --find-renames=50% f63165b80f08cb53b99cccd0e85a2beeee9fac3b...refs/remotes/origin/main -- [6ms]
2026-01-23 12:06:49.908 [info] > git diff --name-status -z --diff-filter=ADMR --find-renames=50% f63165b80f08cb53b99cccd0e85a2beeee9fac3b...refs/remotes/origin/main -- [2ms]
2026-01-23 12:06:50.234 [info] > git check-ignore -v -z --stdin [1ms]
2026-01-23 12:06:51.440 [info] > git config --get commit.template [7ms]
2026-01-23 12:06:51.442 [info] > git for-each-ref --format=%(refname)%00%(upstream:short)%00%(objectname)%00%(upstream:track)%00%(upstream:remotename)%00%(upstream:remoteref) refs/heads/main refs/remotes/main [3ms]
2026-01-23 12:06:51.447 [warning] [Git][revParse] Unable to read file: ENOENT: no such file or directory, open '/home/bloppai/programming/tamu/CSCE221/leyk-csce221-exercise-iterators/.git/refs/remotes/origin/main'
2026-01-23 12:06:51.449 [info] > git rev-parse refs/remotes/origin/main [2ms]
2026-01-23 12:06:51.459 [info] > git status -z -uall [5ms]
2026-01-23 12:06:51.461 [info] > git for-each-ref --sort -committerdate --format %(refname)%00%(objectname)%00%(*objectname) [2ms]
2026-01-23 12:07:07.424 [info] > git check-ignore -v -z --stdin [2ms]
2026-01-23 12:07:08.268 [info] > git show --textconv :src/Vector_Basic.h [6ms]
2026-01-23 12:07:08.269 [info] > git ls-files --stage -- src/Vector_Basic.h [2ms]
2026-01-23 12:07:08.276 [info] > git cat-file -s 05336f9bd4b8a998d05b614a066c6c776ec8a9af [3ms]
2026-01-23 12:07:50.175 [info] > git blame --root --incremental f63165b80f08cb53b99cccd0e85a2beeee9fac3b -- src/Vector_Basic.h [3ms]
2026-01-23 12:09:13.440 [info] > git config --get commit.template [1ms]
2026-01-23 12:09:13.447 [info] > git for-each-ref --format=%(refname)%00%(upstream:short)%00%(objectname)%00%(upstream:track)%00%(upstream:remotename)%00%(upstream:remoteref) refs/heads/main refs/remotes/main [2ms]
2026-01-23 12:09:13.451 [warning] [Git][revParse] Unable to read file: ENOENT: no such file or directory, open '/home/bloppai/programming/tamu/CSCE221/leyk-csce221-exercise-iterators/.git/refs/remotes/origin/main'
2026-01-23 12:09:13.453 [info] > git rev-parse refs/remotes/origin/main [1ms]
2026-01-23 12:09:13.463 [info] > git status -z -uall [6ms]
2026-01-23 12:09:13.464 [info] > git for-each-ref --sort -committerdate --format %(refname)%00%(objectname)%00%(*objectname) [2ms]
