2026-01-22 15:49:01.481 [info] [main] Log level: Info
2026-01-22 15:49:01.481 [info] [main] Validating found git in: "git"
2026-01-22 15:49:01.481 [info] [main] Using git "2.51.2" from "git"
2026-01-22 15:49:01.481 [info] [Model][doInitialScan] Initial repository scan started
2026-01-22 15:49:01.481 [info] > git rev-parse --show-toplevel [8ms]
2026-01-22 15:49:01.485 [info] > git rev-parse --git-dir --git-common-dir --show-superproject-working-tree [6ms]
2026-01-22 15:49:01.503 [info] [Model][openRepository] Opened repository (path): /home/bloppai/nixos-config
2026-01-22 15:49:01.503 [info] [Model][openRepository] Opened repository (real path): /home/bloppai/nixos-config
2026-01-22 15:49:01.503 [info] [Model][openRepository] Opened repository (kind): repository
2026-01-22 15:49:01.510 [info] [Model][doInitialScan] Initial repository scan completed - repositories (1), closed repositories (0), parent repositories (0), unsafe repositories (0)
2026-01-22 15:49:01.523 [info] > git config --get commit.template [3ms]
2026-01-22 15:49:01.537 [info] > git for-each-ref --format=%(refname)%00%(upstream:short)%00%(objectname)%00%(upstream:track)%00%(upstream:remotename)%00%(upstream:remoteref) refs/heads/main refs/remotes/main [3ms]
2026-01-22 15:49:01.557 [info] > git status -z -uall [10ms]
2026-01-22 15:49:01.559 [info] > git for-each-ref --sort -committerdate --format %(refname)%00%(objectname)%00%(*objectname) [4ms]
2026-01-22 15:49:01.599 [info] > git for-each-ref --format=%(refname)%00%(upstream:short)%00%(objectname)%00%(upstream:track)%00%(upstream:remotename)%00%(upstream:remoteref) refs/heads/main refs/remotes/main [13ms]
2026-01-22 15:49:01.615 [info] > git config --get --local branch.main.vscode-merge-base [7ms]
2026-01-22 15:49:01.615 [warning] [Git][config] git config failed: Failed to execute git
2026-01-22 15:49:01.624 [info] > git config --get commit.template [26ms]
2026-01-22 15:49:01.637 [info] > git for-each-ref --format=%(refname)%00%(upstream:short)%00%(objectname)%00%(upstream:track)%00%(upstream:remotename)%00%(upstream:remoteref) refs/heads/main refs/remotes/main [3ms]
2026-01-22 15:49:01.654 [info] > git status -z -uall [9ms]
2026-01-22 15:49:01.656 [info] > git for-each-ref --sort -committerdate --format %(refname)%00%(objectname)%00%(*objectname) [3ms]
2026-01-22 15:49:01.666 [info] > git reflog main --grep-reflog=branch: Created from *. [42ms]
2026-01-22 15:49:01.676 [info] > git symbolic-ref --short refs/remotes/origin/HEAD [3ms]
2026-01-22 15:49:01.676 [info] fatal: ref refs/remotes/origin/HEAD is not a symbolic ref
2026-01-22 15:49:01.676 [warning] [Repository][getDefaultBranch] Failed to get default branch details: Failed to execute git.
2026-01-22 15:49:01.697 [info] > git merge-base refs/heads/main refs/remotes/origin/main [9ms]
2026-01-22 15:49:01.707 [info] > git merge-base refs/heads/main refs/remotes/origin/main [11ms]
2026-01-22 15:49:01.715 [info] > git diff --name-status -z --diff-filter=ADMR --find-renames=50% 7d19847adcf4e8ce5d31bd086cbcb7daaa272a72...refs/remotes/origin/main -- [10ms]
2026-01-22 15:49:01.717 [info] > git diff --name-status -z --diff-filter=ADMR --find-renames=50% 7d19847adcf4e8ce5d31bd086cbcb7daaa272a72...refs/remotes/origin/main -- [3ms]
2026-01-22 15:49:02.036 [info] > git check-ignore -v -z --stdin [3ms]
