2026-01-22 15:51:11.703 [info] Extension host with pid 12200 started
2026-01-22 15:51:11.703 [info] Skipping acquiring lock for /home/bloppai/.config/Code/User/workspaceStorage/e26c69467eb487dc75f17acedd3496b6.
2026-01-22 15:51:11.780 [info] ExtensionService#_doActivateExtension vscode.github-authentication, startup: false, activationEvent: 'onAuthenticationRequest:github'
2026-01-22 15:51:11.801 [info] ExtensionService#_doActivateExtension vscode.emmet, startup: false, activationEvent: 'onLanguage'
2026-01-22 15:51:11.850 [info] ExtensionService#_doActivateExtension vscode.git-base, startup: true, activationEvent: '*', root cause: vscode.git
2026-01-22 15:51:11.856 [info] ExtensionService#_doActivateExtension vscode.git, startup: true, activationEvent: '*'
2026-01-22 15:51:11.895 [info] ExtensionService#_doActivateExtension vscode.github, startup: true, activationEvent: '*'
2026-01-22 15:51:11.998 [info] Eager extensions activated
2026-01-22 15:51:12.008 [info] ExtensionService#_doActivateExtension vscode.debug-auto-launch, startup: false, activationEvent: 'onStartupFinished'
2026-01-22 15:51:12.010 [info] ExtensionService#_doActivateExtension vscode.merge-conflict, startup: false, activationEvent: 'onStartupFinished'
2026-01-22 15:51:13.597 [info] ExtensionService#_doActivateExtension leafvmaple.nand2tetris, startup: false, activationEvent: 'onLanguage:hdl'
2026-01-22 15:51:14.530 [info] ExtensionService#_doActivateExtension vscode.terminal-suggest, startup: false, activationEvent: 'onTerminalShellIntegration:*'
2026-01-22 15:51:18.593 [info] ExtensionService#_doActivateExtension PranavJain.nand2tetris-hdl-visualizer, startup: false, activationEvent: 'onCommand:nand2tetris-hdl-visualizer.visualize'
2026-01-22 15:52:10.519 [info] Extension host terminating: renderer closed the MessagePort
2026-01-22 15:52:10.539 [error] An error occurred when deactivating the extension 'PranavJain.nand2tetris-hdl-visualizer':
2026-01-22 15:52:10.539 [error] TypeError: io.sockets.close is not a function
	at Object.deactivate (/home/bloppai/.vscode/extensions/pranavjain.nand2tetris-hdl-visualizer-0.0.5/extension.js:419:13)
	at kX.eb (file:///nix/store/59izcbxhahjcfgszhaz5hr2gskalkvgy-vscode-1.106.3/lib/vscode/resources/app/out/vs/workbench/api/node/extensionHostProcess.js:118:11850)
	at file:///nix/store/59izcbxhahjcfgszhaz5hr2gskalkvgy-vscode-1.106.3/lib/vscode/resources/app/out/vs/workbench/api/node/extensionHostProcess.js:118:10000
	at Array.map (<anonymous>)
	at kX.$ (file:///nix/store/59izcbxhahjcfgszhaz5hr2gskalkvgy-vscode-1.106.3/lib/vscode/resources/app/out/vs/workbench/api/node/extensionHostProcess.js:118:9988)
	at kX.terminate (file:///nix/store/59izcbxhahjcfgszhaz5hr2gskalkvgy-vscode-1.106.3/lib/vscode/resources/app/out/vs/workbench/api/node/extensionHostProcess.js:118:10231)
	at nN.terminate (file:///nix/store/59izcbxhahjcfgszhaz5hr2gskalkvgy-vscode-1.106.3/lib/vscode/resources/app/out/vs/workbench/api/node/extensionHostProcess.js:120:914)
	at Fs (file:///nix/store/59izcbxhahjcfgszhaz5hr2gskalkvgy-vscode-1.106.3/lib/vscode/resources/app/out/vs/workbench/api/node/extensionHostProcess.js:402:10411)
	at MessagePortMain.<anonymous> (file:///nix/store/59izcbxhahjcfgszhaz5hr2gskalkvgy-vscode-1.106.3/lib/vscode/resources/app/out/vs/workbench/api/node/extensionHostProcess.js:402:6949)
	at MessagePortMain.emit (node:events:519:28)
	at MessagePortMain._internalPort.emit (node:electron/js2c/utility_init:2:2949)
2026-01-22 15:52:10.540 [info] Extension host with pid 12200 exiting with code 0
