2026-01-23 12:06:33.497 [info] Reading sessions from keychain...
2026-01-23 12:06:33.497 [info] Getting sessions for all scopes...
2026-01-23 12:06:33.497 [info] Got 0 sessions for ...
2026-01-23 12:06:33.497 [info] Getting sessions for all scopes...
2026-01-23 12:06:33.497 [info] Got 0 sessions for ...
2026-01-23 12:06:33.497 [info] Getting sessions for all scopes...
2026-01-23 12:06:33.497 [info] Got 0 sessions for ...
2026-01-23 12:06:33.497 [info] Getting sessions for all scopes...
2026-01-23 12:06:33.497 [info] Got 0 sessions for ...
2026-01-23 12:06:33.497 [info] Getting sessions for all scopes...
2026-01-23 12:06:33.497 [info] Got 0 sessions for ...
2026-01-23 12:06:33.497 [info] Getting sessions for all scopes...
2026-01-23 12:06:33.497 [info] Got 0 sessions for ...
2026-01-23 12:06:33.497 [info] Getting sessions for all scopes...
2026-01-23 12:06:33.497 [info] Got 0 sessions for ...
2026-01-23 12:06:33.497 [info] Getting sessions for all scopes...
2026-01-23 12:06:33.497 [info] Got 0 sessions for ...
2026-01-23 12:06:33.497 [info] Getting sessions for all scopes...
2026-01-23 12:06:33.497 [info] Got 0 sessions for ...
2026-01-23 12:06:33.503 [info] Getting sessions for all scopes...
2026-01-23 12:06:33.503 [info] Got 0 sessions for ...
2026-01-23 12:06:33.503 [info] Getting sessions for all scopes...
2026-01-23 12:06:33.503 [info] Got 0 sessions for ...
2026-01-23 12:06:33.504 [info] Getting sessions for all scopes...
2026-01-23 12:06:33.504 [info] Got 0 sessions for ...
2026-01-23 12:06:33.504 [info] Getting sessions for all scopes...
2026-01-23 12:06:33.504 [info] Got 0 sessions for ...
2026-01-23 12:06:33.504 [info] Getting sessions for all scopes...
2026-01-23 12:06:33.504 [info] Got 0 sessions for ...
2026-01-23 12:06:33.504 [info] Getting sessions for all scopes...
2026-01-23 12:06:33.504 [info] Got 0 sessions for ...
2026-01-23 12:06:33.630 [info] Getting sessions for all scopes...
2026-01-23 12:06:33.630 [info] Got 0 sessions for ...
2026-01-23 12:06:35.475 [info] Getting sessions for all scopes...
2026-01-23 12:06:35.475 [info] Got 0 sessions for ...
2026-01-23 12:06:41.868 [info] Getting sessions for read:user,repo,user:email,workflow...
2026-01-23 12:06:41.868 [info] Got 0 sessions for read:user,repo,user:email,workflow...
